0 info it worked if it ends with ok
1 verbose cli [ '/usr/bin/node',
1 verbose cli   '/usr/bin/npm',
1 verbose cli   'install',
1 verbose cli   'connect',
1 verbose cli   'serve-static' ]
2 info using npm@1.4.28
3 info using node@v0.10.32
4 verbose node symlink /usr/bin/node
5 verbose cache add [ 'connect', null ]
6 verbose cache add name=undefined spec="connect" args=["connect",null]
7 verbose parsed url { protocol: null,
7 verbose parsed url   slashes: null,
7 verbose parsed url   auth: null,
7 verbose parsed url   host: null,
7 verbose parsed url   port: null,
7 verbose parsed url   hostname: null,
7 verbose parsed url   hash: null,
7 verbose parsed url   search: null,
7 verbose parsed url   query: null,
7 verbose parsed url   pathname: 'connect',
7 verbose parsed url   path: 'connect',
7 verbose parsed url   href: 'connect' }
8 verbose cache add [ 'serve-static', null ]
9 verbose cache add name=undefined spec="serve-static" args=["serve-static",null]
10 verbose parsed url { protocol: null,
10 verbose parsed url   slashes: null,
10 verbose parsed url   auth: null,
10 verbose parsed url   host: null,
10 verbose parsed url   port: null,
10 verbose parsed url   hostname: null,
10 verbose parsed url   hash: null,
10 verbose parsed url   search: null,
10 verbose parsed url   query: null,
10 verbose parsed url   pathname: 'serve-static',
10 verbose parsed url   path: 'serve-static',
10 verbose parsed url   href: 'serve-static' }
11 silly lockFile f11a107f-connect connect
12 verbose lock connect /home/vramos/.npm/f11a107f-connect.lock
13 silly lockFile fae0c2c0-serve-static serve-static
14 verbose lock serve-static /home/vramos/.npm/fae0c2c0-serve-static.lock
15 silly lockFile f11a107f-connect connect
16 silly lockFile f11a107f-connect connect
17 silly lockFile fae0c2c0-serve-static serve-static
18 silly lockFile fae0c2c0-serve-static serve-static
19 verbose addNamed [ 'connect', '' ]
20 verbose addNamed [ null, '*' ]
21 silly lockFile 6c45e0f3-connect connect@
22 verbose lock connect@ /home/vramos/.npm/6c45e0f3-connect.lock
23 verbose addNamed [ 'serve-static', '' ]
24 verbose addNamed [ null, '*' ]
25 silly lockFile 5f35dc5b-serve-static serve-static@
26 verbose lock serve-static@ /home/vramos/.npm/5f35dc5b-serve-static.lock
27 silly addNameRange { name: 'connect', range: '*', hasData: false }
28 silly addNameRange { name: 'serve-static', range: '*', hasData: false }
29 verbose request where is /serve-static
30 verbose request registry https://registry.npmjs.org/
31 verbose request id 19b159f5cbc8e5b9
32 verbose url raw /serve-static
33 verbose url resolving [ 'https://registry.npmjs.org/', './serve-static' ]
34 verbose url resolved https://registry.npmjs.org/serve-static
35 verbose request where is https://registry.npmjs.org/serve-static
36 info trying registry request attempt 1 at 21:04:11
37 verbose etag "4MCSAE0ZQ256A01U0U9SICW7H"
38 http GET https://registry.npmjs.org/serve-static
39 verbose request where is /connect
40 verbose request registry https://registry.npmjs.org/
41 verbose url raw /connect
42 verbose url resolving [ 'https://registry.npmjs.org/', './connect' ]
43 verbose url resolved https://registry.npmjs.org/connect
44 verbose request where is https://registry.npmjs.org/connect
45 info trying registry request attempt 1 at 21:04:11
46 verbose etag "9985YIJCX1F05VVYASTMIAVW1"
47 http GET https://registry.npmjs.org/connect
48 http 200 https://registry.npmjs.org/serve-static
49 silly registry.get cb [ 200,
49 silly registry.get   { date: 'Thu, 09 Oct 2014 02:04:12 GMT',
49 silly registry.get     server: 'CouchDB/1.5.0 (Erlang OTP/R16B03)',
49 silly registry.get     etag: '"2YUG6P2WZ2D3POOLLDK8LVGZ5"',
49 silly registry.get     'content-type': 'application/json',
49 silly registry.get     'cache-control': 'max-age=60',
49 silly registry.get     'content-length': '48526',
49 silly registry.get     'accept-ranges': 'bytes',
49 silly registry.get     via: '1.1 varnish',
49 silly registry.get     age: '5457',
49 silly registry.get     'x-served-by': 'cache-dfw1826-DFW',
49 silly registry.get     'x-cache': 'HIT',
49 silly registry.get     'x-cache-hits': '1',
49 silly registry.get     'x-timer': 'S1412820252.212746,VS0,VE0',
49 silly registry.get     vary: 'Accept',
49 silly registry.get     'keep-alive': 'timeout=10, max=50',
49 silly registry.get     connection: 'Keep-Alive' } ]
50 silly addNameRange number 2 { name: 'serve-static', range: '*', hasData: true }
51 silly addNameRange versions [ 'serve-static',
51 silly addNameRange   [ '1.0.0',
51 silly addNameRange     '1.0.1',
51 silly addNameRange     '1.0.2',
51 silly addNameRange     '1.0.3',
51 silly addNameRange     '1.0.4',
51 silly addNameRange     '1.1.0',
51 silly addNameRange     '1.2.0',
51 silly addNameRange     '1.2.1',
51 silly addNameRange     '1.2.2',
51 silly addNameRange     '1.2.3',
51 silly addNameRange     '1.3.0',
51 silly addNameRange     '1.3.1',
51 silly addNameRange     '1.3.2',
51 silly addNameRange     '1.4.0',
51 silly addNameRange     '1.4.1',
51 silly addNameRange     '1.4.2',
51 silly addNameRange     '1.4.3',
51 silly addNameRange     '1.4.4',
51 silly addNameRange     '1.5.0',
51 silly addNameRange     '1.5.1',
51 silly addNameRange     '1.5.2',
51 silly addNameRange     '1.5.3',
51 silly addNameRange     '1.5.4',
51 silly addNameRange     '1.6.0',
51 silly addNameRange     '1.6.1',
51 silly addNameRange     '1.6.2',
51 silly addNameRange     '1.6.3',
51 silly addNameRange     '1.6.4' ] ]
52 verbose addNamed [ 'serve-static', '1.6.4' ]
53 verbose addNamed [ '1.6.4', '1.6.4' ]
54 silly lockFile 8e2670db-serve-static-1-6-4 serve-static@1.6.4
55 verbose lock serve-static@1.6.4 /home/vramos/.npm/8e2670db-serve-static-1-6-4.lock
56 silly lockFile d0be654e-ve-static-serve-static-1-6-4-tgz https://registry.npmjs.org/serve-static/-/serve-static-1.6.4.tgz
57 verbose lock https://registry.npmjs.org/serve-static/-/serve-static-1.6.4.tgz /home/vramos/.npm/d0be654e-ve-static-serve-static-1-6-4-tgz.lock
58 verbose addRemoteTarball [ 'https://registry.npmjs.org/serve-static/-/serve-static-1.6.4.tgz',
58 verbose addRemoteTarball   'c512e4188d7a9366672db24e40d294f0c6212367' ]
59 info retry fetch attempt 1 at 21:04:11
60 verbose fetch to= /tmp/npm-2109-UYmiKb18/registry.npmjs.org/serve-static/-/serve-static-1.6.4.tgz
61 http GET https://registry.npmjs.org/serve-static/-/serve-static-1.6.4.tgz
62 http 200 https://registry.npmjs.org/connect
63 silly registry.get cb [ 200,
63 silly registry.get   { date: 'Thu, 09 Oct 2014 02:04:12 GMT',
63 silly registry.get     server: 'CouchDB/1.5.0 (Erlang OTP/R16B03)',
63 silly registry.get     etag: '"CRWMC5IEUSF00A5CA6AM8T45I"',
63 silly registry.get     'content-type': 'application/json',
63 silly registry.get     'cache-control': 'max-age=60',
63 silly registry.get     'content-length': '271608',
63 silly registry.get     'accept-ranges': 'bytes',
63 silly registry.get     via: '1.1 varnish',
63 silly registry.get     age: '1645',
63 silly registry.get     'x-served-by': 'cache-dfw1826-DFW',
63 silly registry.get     'x-cache': 'HIT',
63 silly registry.get     'x-cache-hits': '1',
63 silly registry.get     'x-timer': 'S1412820252.257048,VS0,VE1',
63 silly registry.get     vary: 'Accept',
63 silly registry.get     'keep-alive': 'timeout=10, max=50',
63 silly registry.get     connection: 'Keep-Alive' } ]
64 http 200 https://registry.npmjs.org/serve-static/-/serve-static-1.6.4.tgz
65 silly lockFile d0be654e-ve-static-serve-static-1-6-4-tgz https://registry.npmjs.org/serve-static/-/serve-static-1.6.4.tgz
66 silly lockFile d0be654e-ve-static-serve-static-1-6-4-tgz https://registry.npmjs.org/serve-static/-/serve-static-1.6.4.tgz
67 silly lockFile 8e2670db-serve-static-1-6-4 serve-static@1.6.4
68 silly lockFile 8e2670db-serve-static-1-6-4 serve-static@1.6.4
69 silly lockFile 5f35dc5b-serve-static serve-static@
70 silly lockFile 5f35dc5b-serve-static serve-static@
71 silly addNameRange number 2 { name: 'connect', range: '*', hasData: true }
72 silly addNameRange versions [ 'connect',
72 silly addNameRange   [ '0.0.1',
72 silly addNameRange     '0.0.2',
72 silly addNameRange     '0.0.3',
72 silly addNameRange     '0.0.4',
72 silly addNameRange     '0.0.5',
72 silly addNameRange     '0.0.6',
72 silly addNameRange     '0.1.0',
72 silly addNameRange     '0.2.0',
72 silly addNameRange     '0.2.1',
72 silly addNameRange     '0.2.2',
72 silly addNameRange     '0.2.3',
72 silly addNameRange     '0.2.4',
72 silly addNameRange     '0.2.5',
72 silly addNameRange     '0.2.6',
72 silly addNameRange     '0.2.7',
72 silly addNameRange     '0.3.0',
72 silly addNameRange     '0.4.0',
72 silly addNameRange     '0.5.0',
72 silly addNameRange     '0.5.1',
72 silly addNameRange     '0.5.2',
72 silly addNameRange     '0.5.3',
72 silly addNameRange     '0.5.4',
72 silly addNameRange     '0.5.5',
72 silly addNameRange     '0.5.6',
72 silly addNameRange     '0.5.7',
72 silly addNameRange     '0.5.8',
72 silly addNameRange     '0.5.9',
72 silly addNameRange     '0.5.10',
72 silly addNameRange     '1.0.0',
72 silly addNameRange     '1.0.1',
72 silly addNameRange     '1.0.2',
72 silly addNameRange     '1.0.3',
72 silly addNameRange     '1.0.4',
72 silly addNameRange     '1.0.5',
72 silly addNameRange     '1.0.6',
72 silly addNameRange     '1.1.0',
72 silly addNameRange     '1.1.1',
72 silly addNameRange     '1.1.2',
72 silly addNameRange     '1.1.3',
72 silly addNameRange     '1.1.4',
72 silly addNameRange     '1.1.5',
72 silly addNameRange     '1.2.0',
72 silly addNameRange     '1.2.1',
72 silly addNameRange     '1.2.2',
72 silly addNameRange     '1.2.3',
72 silly addNameRange     '1.3.0',
72 silly addNameRange     '1.4.0',
72 silly addNameRange     '1.4.1',
72 silly addNameRange     '1.4.2',
72 silly addNameRange     '1.4.3',
72 silly addNameRange     '1.4.4',
72 silly addNameRange     '1.4.5',
72 silly addNameRange     '1.4.6',
72 silly addNameRange     '1.5.0',
72 silly addNameRange     '1.5.1',
72 silly addNameRange     '1.5.2',
72 silly addNameRange     '1.6.0',
72 silly addNameRange     '1.6.1',
72 silly addNameRange     '1.6.2',
72 silly addNameRange     '1.6.3',
72 silly addNameRange     '1.6.4',
72 silly addNameRange     '1.7.0',
72 silly addNameRange     '1.7.1',
72 silly addNameRange     '1.7.2',
72 silly addNameRange     '1.7.3',
72 silly addNameRange     '1.8.0',
72 silly addNameRange     '1.8.1',
72 silly addNameRange     '1.8.2',
72 silly addNameRange     '1.8.3',
72 silly addNameRange     '1.8.4',
72 silly addNameRange     '1.8.5',
72 silly addNameRange     '2.0.0',
72 silly addNameRange     '2.0.1',
72 silly addNameRange     '2.0.2',
72 silly addNameRange     '2.0.3',
72 silly addNameRange     '1.8.6',
72 silly addNameRange     '2.1.0',
72 silly addNameRange     '2.1.1',
72 silly addNameRange     '2.1.2',
72 silly addNameRange     '1.8.7',
72 silly addNameRange     '2.1.3',
72 silly addNameRange     '2.2.0',
72 silly addNameRange     '2.2.1',
72 silly addNameRange     '2.2.2',
72 silly addNameRange     '2.3.0',
72 silly addNameRange     '2.3.1',
72 silly addNameRange     '2.3.2',
72 silly addNameRange     '2.3.3',
72 silly addNameRange     '1.9.0',
72 silly addNameRange     '1.9.1',
72 silly addNameRange     '2.3.4',
72 silly addNameRange     '2.3.5',
72 silly addNameRange     '2.3.6',
72 silly addNameRange     '2.3.7',
72 silly addNameRange     '1.9.2',
72 silly addNameRange     '2.3.8',
72 silly addNameRange     '2.3.9',
72 silly addNameRange     '2.4.0',
72 silly addNameRange     '2.4.1',
72 silly addNameRange     '2.4.2',
72 silly addNameRange     '2.4.3',
72 silly addNameRange     '2.4.4',
72 silly addNameRange     '2.4.5',
72 silly addNameRange     '2.4.6',
72 silly addNameRange     '2.5.0',
72 silly addNameRange     '2.6.0',
72 silly addNameRange     '2.6.1',
72 silly addNameRange     '2.6.2',
72 silly addNameRange     '2.7.0',
72 silly addNameRange     '2.7.1',
72 silly addNameRange     '2.7.2',
72 silly addNameRange     '2.7.3',
72 silly addNameRange     '2.7.4',
72 silly addNameRange     '2.7.5',
72 silly addNameRange     '2.7.6',
72 silly addNameRange     '2.7.7',
72 silly addNameRange     '2.7.8',
72 silly addNameRange     '2.7.9',
72 silly addNameRange     '2.7.10',
72 silly addNameRange     '2.7.11',
72 silly addNameRange     '2.8.0',
72 silly addNameRange     '2.8.1',
72 silly addNameRange     '2.8.2',
72 silly addNameRange     '2.8.3',
72 silly addNameRange     '2.8.4',
72 silly addNameRange     '2.8.5',
72 silly addNameRange     '2.8.6',
72 silly addNameRange     '2.8.7',
72 silly addNameRange     '2.8.8',
72 silly addNameRange     '2.9.0',
72 silly addNameRange     '2.9.1',
72 silly addNameRange     '2.9.2',
72 silly addNameRange     '2.10.0',
72 silly addNameRange     '2.10.1',
72 silly addNameRange     '2.11.0',
72 silly addNameRange     '2.11.1',
72 silly addNameRange     '2.11.2',
72 silly addNameRange     '2.12.0',
72 silly addNameRange     '2.13.0',
72 silly addNameRange     '2.13.1',
72 silly addNameRange     '2.14.0',
72 silly addNameRange     '2.14.1',
72 silly addNameRange     '3.0.0-rc.1',
72 silly addNameRange     '2.14.2',
72 silly addNameRange     '2.14.3',
72 silly addNameRange     '2.14.4',
72 silly addNameRange     '2.14.5',
72 silly addNameRange     '2.15.0',
72 silly addNameRange     '3.0.0-rc.2',
72 silly addNameRange     '2.16.0',
72 silly addNameRange     '2.16.1',
72 silly addNameRange     '2.16.2',
72 silly addNameRange     '2.17.0',
72 silly addNameRange     '2.17.1',
72 silly addNameRange     '2.17.2',
72 silly addNameRange     '2.17.3',
72 silly addNameRange     '2.18.0',
72 silly addNameRange     '3.0.0',
72 silly addNameRange     '2.19.0',
72 silly addNameRange     '2.19.1',
72 silly addNameRange     '2.19.2',
72 silly addNameRange     '2.19.3',
72 silly addNameRange     '2.19.4',
72 silly addNameRange     '2.19.5',
72 silly addNameRange     '2.19.6',
72 silly addNameRange     '2.20.0',
72 silly addNameRange     '2.20.1',
72 silly addNameRange     '2.20.2',
72 silly addNameRange     '3.0.1',
72 silly addNameRange     '2.21.0',
72 silly addNameRange     '2.21.1',
72 silly addNameRange     '2.22.0',
72 silly addNameRange     '2.23.0',
72 silly addNameRange     '3.0.2',
72 silly addNameRange     '2.24.0',
72 silly addNameRange     '3.1.0',
72 silly addNameRange     '2.24.1',
72 silly addNameRange     '2.24.2',
72 silly addNameRange     '2.24.3',
72 silly addNameRange     '2.25.0',
72 silly addNameRange     '2.25.1',
72 silly addNameRange     '2.25.2',
72 silly addNameRange     '2.25.3',
72 silly addNameRange     '2.25.4',
72 silly addNameRange     '3.1.1',
72 silly addNameRange     '2.25.5',
72 silly addNameRange     '2.25.6',
72 silly addNameRange     '2.25.7',
72 silly addNameRange     '2.25.8',
72 silly addNameRange     '2.25.9',
72 silly addNameRange     '2.25.10',
72 silly addNameRange     '2.26.0',
72 silly addNameRange     '3.2.0',
72 silly addNameRange     '2.26.1',
72 silly addNameRange     '2.26.2',
72 silly addNameRange     '2.26.3',
72 silly addNameRange     '2.26.4',
72 silly addNameRange     '2.26.5' ] ]
73 verbose addNamed [ 'connect', '3.2.0' ]
74 verbose addNamed [ '3.2.0', '3.2.0' ]
75 silly lockFile f2a80af2-connect-3-2-0 connect@3.2.0
76 verbose lock connect@3.2.0 /home/vramos/.npm/f2a80af2-connect-3-2-0.lock
77 silly lockFile d118716d-js-org-connect-connect-3-2-0-tgz https://registry.npmjs.org/connect/-/connect-3.2.0.tgz
78 verbose lock https://registry.npmjs.org/connect/-/connect-3.2.0.tgz /home/vramos/.npm/d118716d-js-org-connect-connect-3-2-0-tgz.lock
79 verbose addRemoteTarball [ 'https://registry.npmjs.org/connect/-/connect-3.2.0.tgz',
79 verbose addRemoteTarball   '184f51545eb4d9aa2064504b67fc06f76ca21c08' ]
80 info retry fetch attempt 1 at 21:04:11
81 verbose fetch to= /tmp/npm-2109-UYmiKb18/registry.npmjs.org/connect/-/connect-3.2.0.tgz
82 http GET https://registry.npmjs.org/connect/-/connect-3.2.0.tgz
83 http 200 https://registry.npmjs.org/connect/-/connect-3.2.0.tgz
84 silly lockFile d118716d-js-org-connect-connect-3-2-0-tgz https://registry.npmjs.org/connect/-/connect-3.2.0.tgz
85 silly lockFile d118716d-js-org-connect-connect-3-2-0-tgz https://registry.npmjs.org/connect/-/connect-3.2.0.tgz
86 silly lockFile f2a80af2-connect-3-2-0 connect@3.2.0
87 silly lockFile f2a80af2-connect-3-2-0 connect@3.2.0
88 silly lockFile 6c45e0f3-connect connect@
89 silly lockFile 6c45e0f3-connect connect@
90 error Error: EACCES, mkdir '/home/vramos/.npm/serve-static/1.6.4'
90 error  { [Error: EACCES, mkdir '/home/vramos/.npm/serve-static/1.6.4']
90 error   errno: 3,
90 error   code: 'EACCES',
90 error   path: '/home/vramos/.npm/serve-static/1.6.4' }
91 error Please try running this command again as root/Administrator.
92 error System Linux 3.4.0
93 error command "/usr/bin/node" "/usr/bin/npm" "install" "connect" "serve-static"
94 error cwd /home/vramos/Projects/AngularGmailClone
95 error node -v v0.10.32
96 error npm -v 1.4.28
97 error path /home/vramos/.npm/serve-static/1.6.4
98 error code EACCES
99 error errno 3
100 error stack Error: EACCES, mkdir '/home/vramos/.npm/serve-static/1.6.4'
101 verbose exit [ 3, true ]
